<?xml version="1.0" encoding="UTF-8"?>
<!-- Generated by org.testng.reporters.JUnitReportReporter -->
<testsuite hostname="LAPTOP-UHICMC5K" failures="0" tests="20" name="testcases.LoginTestCase$BasicExtendReport" time="-1644173952.000" errors="1" timestamp="2022-02-06T13:00:18 CST" skipped="19">
  <testcase classname="testcases.LoginTestCase$BasicExtendReport" name="startReport" time="-1644173952.000">
    <error message="
Parameter &#039;OS&#039; is required by BeforeTest on method startReport but has not been marked @Optional or defined
in C:\Users\Nisha\AppData\Local\Temp\testng-eclipse--1518869704\testng-customsuite.xml" type="org.testng.TestNGException">
      <![CDATA[org.testng.TestNGException: 
Parameter 'OS' is required by BeforeTest on method startReport but has not been marked @Optional or defined
in C:\Users\Nisha\AppData\Local\Temp\testng-eclipse--1518869704\testng-customsuite.xml
at org.testng.internal.Parameters.createParams(Parameters.java:270)
at org.testng.internal.Parameters.createParametersForMethod(Parameters.java:358)
at org.testng.internal.Parameters.createParameters(Parameters.java:700)
at org.testng.internal.Parameters.createConfigurationParameters(Parameters.java:168)
at org.testng.internal.ConfigInvoker.invokeConfigurations(ConfigInvoker.java:302)
at org.testng.TestRunner.invokeTestConfigurations(TestRunner.java:637)
at org.testng.TestRunner.beforeRun(TestRunner.java:627)
at org.testng.TestRunner.run(TestRunner.java:589)
at org.testng.SuiteRunner.runTest(SuiteRunner.java:377)
at org.testng.SuiteRunner.runSequentially(SuiteRunner.java:371)
at org.testng.SuiteRunner.privateRun(SuiteRunner.java:332)
at org.testng.SuiteRunner.run(SuiteRunner.java:276)
at org.testng.SuiteRunnerWorker.runSuite(SuiteRunnerWorker.java:53)
at org.testng.SuiteRunnerWorker.run(SuiteRunnerWorker.java:96)
at org.testng.TestNG.runSuitesSequentially(TestNG.java:1212)
at org.testng.TestNG.runSuitesLocally(TestNG.java:1134)
at org.testng.TestNG.runSuites(TestNG.java:1063)
at org.testng.TestNG.run(TestNG.java:1031)
at org.testng.remote.AbstractRemoteTestNG.run(AbstractRemoteTestNG.java:115)
at org.testng.remote.RemoteTestNG.initAndRun(RemoteTestNG.java:251)
at org.testng.remote.RemoteTestNG.main(RemoteTestNG.java:77)
]]>
    </error>
  </testcase> <!-- startReport -->
  <system-out/>
  <testcase classname="testcases.LoginTestCase$BasicExtendReport" name="Login" time="0.000">
    <skipped/>
  </testcase> <!-- Login -->
  <system-out/>
  <testcase classname="testcases.LoginTestCase$BasicExtendReport" name="getTitleOfTheHomePage" time="0.000">
    <skipped/>
  </testcase> <!-- getTitleOfTheHomePage -->
  <system-out/>
  <testcase classname="testcases.LoginTestCase$BasicExtendReport" name="logout" time="0.000">
    <skipped/>
  </testcase> <!-- logout -->
  <system-out/>
  <testcase classname="testcases.LoginTestCase$BasicExtendReport" name="invalidLogin" time="0.000">
    <skipped/>
  </testcase> <!-- invalidLogin -->
  <system-out/>
  <testcase classname="testcases.LoginTestCase$BasicExtendReport" name="validateLoginError" time="0.000">
    <skipped/>
  </testcase> <!-- validateLoginError -->
  <system-out/>
  <testcase classname="testcases.LoginTestCase$BasicExtendReport" name="Usermenudropdown" time="0.000">
    <skipped/>
  </testcase> <!-- Usermenudropdown -->
  <system-out/>
  <testcase classname="testcases.LoginTestCase$BasicExtendReport" name="Myprofile" time="0.000">
    <skipped/>
  </testcase> <!-- Myprofile -->
  <system-out/>
  <testcase classname="testcases.LoginTestCase$BasicExtendReport" name="MySettings" time="0.000">
    <skipped/>
  </testcase> <!-- MySettings -->
  <system-out/>
  <testcase classname="testcases.LoginTestCase$BasicExtendReport" name="emailTest" time="0.000">
    <skipped/>
  </testcase> <!-- emailTest -->
  <system-out/>
  <testcase classname="testcases.LoginTestCase$BasicExtendReport" name="calender" time="0.000">
    <skipped/>
  </testcase> <!-- calender -->
  <system-out/>
  <testcase classname="testcases.LoginTestCase$BasicExtendReport" name="dconsole" time="0.000">
    <skipped/>
  </testcase> <!-- dconsole -->
  <system-out/>
  <testcase classname="testcases.LoginTestCase$BasicExtendReport" name="Caccount" time="0.000">
    <skipped/>
  </testcase> <!-- Caccount -->
  <system-out/>
  <testcase classname="testcases.LoginTestCase$BasicExtendReport" name="CreateView" time="0.000">
    <skipped/>
  </testcase> <!-- CreateView -->
  <system-out/>
  <testcase classname="testcases.LoginTestCase$BasicExtendReport" name="oppertunities" time="0.000">
    <skipped/>
  </testcase> <!-- oppertunities -->
  <system-out/>
  <testcase classname="testcases.LoginTestCase$BasicExtendReport" name="oppertab" time="0.000">
    <skipped/>
  </testcase> <!-- oppertab -->
  <system-out/>
  <testcase classname="testcases.LoginTestCase$BasicExtendReport" name="newopty" time="0.000">
    <skipped/>
  </testcase> <!-- newopty -->
  <system-out/>
  <testcase classname="testcases.LoginTestCase$BasicExtendReport" name="pipelineopportunities" time="0.000">
    <skipped/>
  </testcase> <!-- pipelineopportunities -->
  <system-out/>
  <testcase classname="testcases.LoginTestCase$BasicExtendReport" name="stuckoppor" time="0.000">
    <skipped/>
  </testcase> <!-- stuckoppor -->
  <system-out/>
  <testcase classname="testcases.LoginTestCase$BasicExtendReport" name="summary" time="0.000">
    <skipped/>
  </testcase> <!-- summary -->
  <system-out/>
</testsuite> <!-- testcases.LoginTestCase$BasicExtendReport -->
